2024-07-26 10:48:35.067248: I tensorflow/core/util/port.cc:111] oneDNN custom operations are on. You may see slightly different numerical results due to floating-point round-off errors from different computation orders. To turn them off, set the environment variable `TF_ENABLE_ONEDNN_OPTS=0`.
2024-07-26 10:48:35.119582: E tensorflow/compiler/xla/stream_executor/cuda/cuda_dnn.cc:9342] Unable to register cuDNN factory: Attempting to register factory for plugin cuDNN when one has already been registered
2024-07-26 10:48:35.119627: E tensorflow/compiler/xla/stream_executor/cuda/cuda_fft.cc:609] Unable to register cuFFT factory: Attempting to register factory for plugin cuFFT when one has already been registered
2024-07-26 10:48:35.119695: E tensorflow/compiler/xla/stream_executor/cuda/cuda_blas.cc:1518] Unable to register cuBLAS factory: Attempting to register factory for plugin cuBLAS when one has already been registered
2024-07-26 10:48:35.136531: I tensorflow/core/platform/cpu_feature_guard.cc:182] This TensorFlow binary is optimized to use available CPU instructions in performance-critical operations.
To enable the following instructions: AVX2 AVX512F AVX512_VNNI FMA, in other operations, rebuild TensorFlow with the appropriate compiler flags.
usage: git ls-remote [--heads] [--tags]  [-u <exec> | --upload-pack <exec>]
                     [-q|--quiet] [--exit-code] [--get-url] [<repository> [<refs>...]]
usage: git ls-remote [--heads] [--tags]  [-u <exec> | --upload-pack <exec>]
                     [-q|--quiet] [--exit-code] [--get-url] [<repository> [<refs>...]]
2024-07-26 10:48:44.850428: I tensorflow/core/common_runtime/gpu/gpu_device.cc:1886] Created device /job:localhost/replica:0/task:0/device:GPU:0 with 30963 MB memory:  -> device: 0, name: Tesla V100-PCIE-32GB, pci bus id: 0000:18:00.0, compute capability: 7.0
2024-07-26 10:48:44.852316: I tensorflow/core/common_runtime/gpu/gpu_device.cc:1886] Created device /job:localhost/replica:0/task:0/device:GPU:1 with 30963 MB memory:  -> device: 1, name: Tesla V100-PCIE-32GB, pci bus id: 0000:af:00.0, compute capability: 7.0
INFO:tensorflow:Using MirroredStrategy with devices ('/job:localhost/replica:0/task:0/device:GPU:0', '/job:localhost/replica:0/task:0/device:GPU:1')
/home/olmo.arqueropeinazo/miniconda3/envs/ctlearn-pc/lib/python3.10/site-packages/dl1_data_handler/reader.py:794: PerformanceWarning: 
your performance may suffer as PyTables will pickle object types that it cannot
map directly to c-types [inferred_type->mixed-integer,key->axis0] [items->None]

  pd.DataFrame(
/home/olmo.arqueropeinazo/miniconda3/envs/ctlearn-pc/lib/python3.10/site-packages/dl1_data_handler/reader.py:794: PerformanceWarning: 
your performance may suffer as PyTables will pickle object types that it cannot
map directly to c-types [inferred_type->mixed-integer,key->block0_items] [items->None]

  pd.DataFrame(
INFO:tensorflow:Reduce to /job:localhost/replica:0/task:0/device:CPU:0 then broadcast to ('/job:localhost/replica:0/task:0/device:CPU:0',).
INFO:tensorflow:Reduce to /job:localhost/replica:0/task:0/device:CPU:0 then broadcast to ('/job:localhost/replica:0/task:0/device:CPU:0',).
INFO:tensorflow:Reduce to /job:localhost/replica:0/task:0/device:CPU:0 then broadcast to ('/job:localhost/replica:0/task:0/device:CPU:0',).
INFO:tensorflow:Reduce to /job:localhost/replica:0/task:0/device:CPU:0 then broadcast to ('/job:localhost/replica:0/task:0/device:CPU:0',).
INFO:tensorflow:Reduce to /job:localhost/replica:0/task:0/device:CPU:0 then broadcast to ('/job:localhost/replica:0/task:0/device:CPU:0',).
INFO:tensorflow:Reduce to /job:localhost/replica:0/task:0/device:CPU:0 then broadcast to ('/job:localhost/replica:0/task:0/device:CPU:0',).
INFO:tensorflow:Reduce to /job:localhost/replica:0/task:0/device:CPU:0 then broadcast to ('/job:localhost/replica:0/task:0/device:CPU:0',).
INFO:tensorflow:Reduce to /job:localhost/replica:0/task:0/device:CPU:0 then broadcast to ('/job:localhost/replica:0/task:0/device:CPU:0',).
INFO:tensorflow:Reduce to /job:localhost/replica:0/task:0/device:CPU:0 then broadcast to ('/job:localhost/replica:0/task:0/device:CPU:0',).
INFO:tensorflow:Reduce to /job:localhost/replica:0/task:0/device:CPU:0 then broadcast to ('/job:localhost/replica:0/task:0/device:CPU:0',).
INFO:tensorflow:Collective all_reduce tensors: 44 all_reduces, num_devices = 2, group_size = 2, implementation = CommunicationImplementation.NCCL, num_packs = 1
INFO:tensorflow:Collective all_reduce tensors: 44 all_reduces, num_devices = 2, group_size = 2, implementation = CommunicationImplementation.NCCL, num_packs = 1
2024-07-26 10:49:41.748826: I tensorflow/compiler/xla/stream_executor/cuda/cuda_dnn.cc:442] Loaded cuDNN version 8902
2024-07-26 10:49:44.859742: I tensorflow/compiler/xla/stream_executor/cuda/cuda_dnn.cc:442] Loaded cuDNN version 8902
2024-07-26 10:49:58.870767: I tensorflow/compiler/xla/service/service.cc:168] XLA service 0x2afa3a0eae50 initialized for platform CUDA (this does not guarantee that XLA will be used). Devices:
2024-07-26 10:49:58.871196: I tensorflow/compiler/xla/service/service.cc:176]   StreamExecutor device (0): Tesla V100-PCIE-32GB, Compute Capability 7.0
2024-07-26 10:49:58.871244: I tensorflow/compiler/xla/service/service.cc:176]   StreamExecutor device (1): Tesla V100-PCIE-32GB, Compute Capability 7.0
2024-07-26 10:49:58.898205: I tensorflow/compiler/mlir/tensorflow/utils/dump_mlir_util.cc:269] disabling MLIR crash reproducer, set env var `MLIR_CRASH_REPRODUCER_DIRECTORY` to enable.
2024-07-26 10:49:59.202935: I ./tensorflow/compiler/jit/device_compiler.h:186] Compiled cluster using XLA!  This line is logged at most once for the lifetime of the process.
slurmstepd: error: *** JOB 37962495 ON gpu01 CANCELLED AT 2024-07-26T11:49:44 ***
