2024-07-15 16:05:34.786473: I tensorflow/core/util/port.cc:111] oneDNN custom operations are on. You may see slightly different numerical results due to floating-point round-off errors from different computation orders. To turn them off, set the environment variable `TF_ENABLE_ONEDNN_OPTS=0`.
2024-07-15 16:05:34.838342: E tensorflow/compiler/xla/stream_executor/cuda/cuda_dnn.cc:9342] Unable to register cuDNN factory: Attempting to register factory for plugin cuDNN when one has already been registered
2024-07-15 16:05:34.838388: E tensorflow/compiler/xla/stream_executor/cuda/cuda_fft.cc:609] Unable to register cuFFT factory: Attempting to register factory for plugin cuFFT when one has already been registered
2024-07-15 16:05:34.838456: E tensorflow/compiler/xla/stream_executor/cuda/cuda_blas.cc:1518] Unable to register cuBLAS factory: Attempting to register factory for plugin cuBLAS when one has already been registered
2024-07-15 16:05:34.855366: I tensorflow/core/platform/cpu_feature_guard.cc:182] This TensorFlow binary is optimized to use available CPU instructions in performance-critical operations.
To enable the following instructions: AVX2 AVX512F AVX512_VNNI FMA, in other operations, rebuild TensorFlow with the appropriate compiler flags.
2024-07-15 16:05:36.268026: W tensorflow/compiler/tf2tensorrt/utils/py_utils.cc:38] TF-TRT Warning: Could not find TensorRT
2024-07-15 16:05:43.564804: I tensorflow/core/common_runtime/gpu/gpu_device.cc:1886] Created device /job:localhost/replica:0/task:0/device:GPU:0 with 30963 MB memory:  -> device: 0, name: Tesla V100-PCIE-32GB, pci bus id: 0000:18:00.0, compute capability: 7.0
2024-07-15 16:05:43.567602: I tensorflow/core/common_runtime/gpu/gpu_device.cc:1886] Created device /job:localhost/replica:0/task:0/device:GPU:1 with 30963 MB memory:  -> device: 1, name: Tesla V100-PCIE-32GB, pci bus id: 0000:af:00.0, compute capability: 7.0
INFO:tensorflow:Using MirroredStrategy with devices ('/job:localhost/replica:0/task:0/device:GPU:0', '/job:localhost/replica:0/task:0/device:GPU:1')
/home/olmo.arqueropeinazo/miniconda3/envs/ctlearn-pc/lib/python3.10/site-packages/dl1_data_handler/reader.py:1215: PerformanceWarning: 
your performance may suffer as PyTables will pickle object types that it cannot
map directly to c-types [inferred_type->mixed-integer,key->axis0] [items->None]

  pd.DataFrame(
/home/olmo.arqueropeinazo/miniconda3/envs/ctlearn-pc/lib/python3.10/site-packages/dl1_data_handler/reader.py:1215: PerformanceWarning: 
your performance may suffer as PyTables will pickle object types that it cannot
map directly to c-types [inferred_type->mixed-integer,key->block0_items] [items->None]

  pd.DataFrame(
INFO:tensorflow:Reduce to /job:localhost/replica:0/task:0/device:CPU:0 then broadcast to ('/job:localhost/replica:0/task:0/device:CPU:0',).
INFO:tensorflow:Reduce to /job:localhost/replica:0/task:0/device:CPU:0 then broadcast to ('/job:localhost/replica:0/task:0/device:CPU:0',).
INFO:tensorflow:Reduce to /job:localhost/replica:0/task:0/device:CPU:0 then broadcast to ('/job:localhost/replica:0/task:0/device:CPU:0',).
INFO:tensorflow:Reduce to /job:localhost/replica:0/task:0/device:CPU:0 then broadcast to ('/job:localhost/replica:0/task:0/device:CPU:0',).
INFO:tensorflow:Reduce to /job:localhost/replica:0/task:0/device:CPU:0 then broadcast to ('/job:localhost/replica:0/task:0/device:CPU:0',).
INFO:tensorflow:Reduce to /job:localhost/replica:0/task:0/device:CPU:0 then broadcast to ('/job:localhost/replica:0/task:0/device:CPU:0',).
INFO:tensorflow:Reduce to /job:localhost/replica:0/task:0/device:CPU:0 then broadcast to ('/job:localhost/replica:0/task:0/device:CPU:0',).
INFO:tensorflow:Reduce to /job:localhost/replica:0/task:0/device:CPU:0 then broadcast to ('/job:localhost/replica:0/task:0/device:CPU:0',).
INFO:tensorflow:Reduce to /job:localhost/replica:0/task:0/device:CPU:0 then broadcast to ('/job:localhost/replica:0/task:0/device:CPU:0',).
INFO:tensorflow:Reduce to /job:localhost/replica:0/task:0/device:CPU:0 then broadcast to ('/job:localhost/replica:0/task:0/device:CPU:0',).
INFO:tensorflow:Collective all_reduce tensors: 56 all_reduces, num_devices = 2, group_size = 2, implementation = CommunicationImplementation.NCCL, num_packs = 1
INFO:tensorflow:Collective all_reduce tensors: 56 all_reduces, num_devices = 2, group_size = 2, implementation = CommunicationImplementation.NCCL, num_packs = 1
2024-07-15 16:07:00.512193: I tensorflow/compiler/xla/stream_executor/cuda/cuda_dnn.cc:442] Loaded cuDNN version 8902
2024-07-15 16:07:02.919834: I tensorflow/compiler/xla/stream_executor/cuda/cuda_dnn.cc:442] Loaded cuDNN version 8902
2024-07-15 16:07:17.488362: I tensorflow/compiler/xla/service/service.cc:168] XLA service 0x2ac1af4c4360 initialized for platform CUDA (this does not guarantee that XLA will be used). Devices:
2024-07-15 16:07:17.488588: I tensorflow/compiler/xla/service/service.cc:176]   StreamExecutor device (0): Tesla V100-PCIE-32GB, Compute Capability 7.0
2024-07-15 16:07:17.488603: I tensorflow/compiler/xla/service/service.cc:176]   StreamExecutor device (1): Tesla V100-PCIE-32GB, Compute Capability 7.0
2024-07-15 16:07:17.496854: I tensorflow/compiler/mlir/tensorflow/utils/dump_mlir_util.cc:269] disabling MLIR crash reproducer, set env var `MLIR_CRASH_REPRODUCER_DIRECTORY` to enable.
2024-07-15 16:07:17.806113: I ./tensorflow/compiler/jit/device_compiler.h:186] Compiled cluster using XLA!  This line is logged at most once for the lifetime of the process.
INFO:tensorflow:Assets written to: /fefs/home/olmo.arqueropeinazo/TFM/TFM-CTLearn/logs/pc_complete_data_type_four_edgeconv//ctlearn_model/assets
INFO:tensorflow:Assets written to: /fefs/home/olmo.arqueropeinazo/TFM/TFM-CTLearn/logs/pc_complete_data_type_four_edgeconv//ctlearn_model/assets
/var/spool/slurm//job37487302/slurm_script: line 19: 137680 Bus error               ctlearn --config_file "/fefs/home/olmo.arqueropeinazo/TFM/TFM-CTLearn/configs/ctlearn config/PN_complete_config.yml" -i "/fefs/aswg/workspace/tjark.miener/DeepCrab/R1DL1/LSTProd2/TrainingDataset/GammaDiffuse/dec_2276/theta_16.087_az_108.090/" "/fefs/aswg/workspace/tjark.miener/DeepCrab/R1DL1/LSTProd2/TrainingDataset/Protons/dec_2276/theta_16.087_az_108.090/" -o "/fefs/home/olmo.arqueropeinazo/TFM/TFM-CTLearn/logs/pc_complete_data_type_four_edgeconv/" -z 50 -e 15 -t LST_LST_LSTCam -b 24 --log_to_file -r type
